nativetemplates/build/intermediates/manifest_merge_blame_file/debug/processDebugManifest/manifest-merger-blame-debug-report.txt
1<?xml version="1.0" encoding="utf-8"?>
2<manifest xmlns:android="http://schemas.android.com/apk/res/android"
3    package="com.gsm.ads" >
4
5    <uses-sdk android:minSdkVersion="21" />
6
7    <application android:supportsRtl="true" >
7-->src\main\AndroidManifest.xml:2:3-4:17
7-->src\main\AndroidManifest.xml:2:16-42
8    </application>
9
10</manifest>